{"level":"\u001b[34mINFO\u001b[0m","time":"2023-07-30T21:11:19.243+0800","caller":"config/config.go:61","msg":"config_init logger success"}
{"level":"\u001b[35mDEBUG\u001b[0m","time":"2023-07-30T21:11:19.320+0800","caller":"gorm@v1.25.2/callbacks.go:134","msg":"Database Query","sql":"SELECT DATABASE()","time":"2.091ms","rows":-1}
{"level":"\u001b[35mDEBUG\u001b[0m","time":"2023-07-30T21:11:19.367+0800","caller":"gorm@v1.25.2/finisher_api.go:539","msg":"Database Query","sql":"SELECT SCHEMA_NAME from Information_schema.SCHEMATA where SCHEMA_NAME LIKE 'gee_blog%' ORDER BY SCHEMA_NAME='gee_blog' DESC,SCHEMA_NAME limit 1","time":"45.982ms","rows":1}
{"level":"\u001b[35mDEBUG\u001b[0m","time":"2023-07-30T21:11:19.378+0800","caller":"gorm@v1.25.2/callbacks.go:134","msg":"Database Query","sql":"SELECT count(*) FROM information_schema.tables WHERE table_schema = 'gee_blog' AND table_name = 'users' AND table_type = 'BASE TABLE'","time":"11.189ms","rows":-1}
{"level":"\u001b[35mDEBUG\u001b[0m","time":"2023-07-30T21:11:19.379+0800","caller":"gorm@v1.25.2/callbacks.go:134","msg":"Database Query","sql":"SELECT DATABASE()","time":"0.000ms","rows":-1}
{"level":"\u001b[35mDEBUG\u001b[0m","time":"2023-07-30T21:11:19.381+0800","caller":"gorm@v1.25.2/finisher_api.go:539","msg":"Database Query","sql":"SELECT SCHEMA_NAME from Information_schema.SCHEMATA where SCHEMA_NAME LIKE 'gee_blog%' ORDER BY SCHEMA_NAME='gee_blog' DESC,SCHEMA_NAME limit 1","time":"2.096ms","rows":1}
{"level":"\u001b[35mDEBUG\u001b[0m","time":"2023-07-30T21:11:19.408+0800","caller":"gorm@v1.25.2/callbacks.go:134","msg":"Database Query","sql":"SELECT * FROM `users` LIMIT 1","time":"27.140ms","rows":-1}
{"level":"\u001b[35mDEBUG\u001b[0m","time":"2023-07-30T21:11:19.414+0800","caller":"gorm@v1.25.2/callbacks.go:134","msg":"Database Query","sql":"SELECT column_name, column_default, is_nullable = 'YES', data_type, character_maximum_length, column_type, column_key, extra, column_comment, numeric_precision, numeric_scale , datetime_precision FROM information_schema.columns WHERE table_schema = 'gee_blog' AND table_name = 'users' ORDER BY ORDINAL_POSITION","time":"4.174ms","rows":-1}
{"level":"\u001b[35mDEBUG\u001b[0m","time":"2023-07-30T21:11:19.415+0800","caller":"gorm@v1.25.2/callbacks.go:134","msg":"Database Query","sql":"SELECT DATABASE()","time":"0.518ms","rows":-1}
{"level":"\u001b[35mDEBUG\u001b[0m","time":"2023-07-30T21:11:19.418+0800","caller":"gorm@v1.25.2/finisher_api.go:539","msg":"Database Query","sql":"SELECT SCHEMA_NAME from Information_schema.SCHEMATA where SCHEMA_NAME LIKE 'gee_blog%' ORDER BY SCHEMA_NAME='gee_blog' DESC,SCHEMA_NAME limit 1","time":"2.404ms","rows":1}
{"level":"\u001b[35mDEBUG\u001b[0m","time":"2023-07-30T21:11:19.421+0800","caller":"gorm@v1.25.2/callbacks.go:134","msg":"Database Query","sql":"SELECT count(*) FROM information_schema.statistics WHERE table_schema = 'gee_blog' AND table_name = 'users' AND index_name = 'idx_users_deleted_at'","time":"3.664ms","rows":-1}
{"level":"\u001b[35mDEBUG\u001b[0m","time":"2023-07-30T21:11:19.422+0800","caller":"gorm@v1.25.2/callbacks.go:134","msg":"Database Query","sql":"SELECT DATABASE()","time":"0.000ms","rows":-1}
{"level":"\u001b[35mDEBUG\u001b[0m","time":"2023-07-30T21:11:19.423+0800","caller":"gorm@v1.25.2/finisher_api.go:539","msg":"Database Query","sql":"SELECT SCHEMA_NAME from Information_schema.SCHEMATA where SCHEMA_NAME LIKE 'gee_blog%' ORDER BY SCHEMA_NAME='gee_blog' DESC,SCHEMA_NAME limit 1","time":"1.039ms","rows":1}
{"level":"\u001b[35mDEBUG\u001b[0m","time":"2023-07-30T21:11:19.425+0800","caller":"gorm@v1.25.2/callbacks.go:134","msg":"Database Query","sql":"SELECT count(*) FROM information_schema.tables WHERE table_schema = 'gee_blog' AND table_name = 'posts' AND table_type = 'BASE TABLE'","time":"1.973ms","rows":-1}
{"level":"\u001b[35mDEBUG\u001b[0m","time":"2023-07-30T21:11:19.425+0800","caller":"gorm@v1.25.2/callbacks.go:134","msg":"Database Query","sql":"SELECT DATABASE()","time":"0.000ms","rows":-1}
{"level":"\u001b[35mDEBUG\u001b[0m","time":"2023-07-30T21:11:19.427+0800","caller":"gorm@v1.25.2/finisher_api.go:539","msg":"Database Query","sql":"SELECT SCHEMA_NAME from Information_schema.SCHEMATA where SCHEMA_NAME LIKE 'gee_blog%' ORDER BY SCHEMA_NAME='gee_blog' DESC,SCHEMA_NAME limit 1","time":"1.574ms","rows":1}
{"level":"\u001b[35mDEBUG\u001b[0m","time":"2023-07-30T21:11:19.431+0800","caller":"gorm@v1.25.2/callbacks.go:134","msg":"Database Query","sql":"SELECT * FROM `posts` LIMIT 1","time":"3.100ms","rows":-1}
{"level":"\u001b[35mDEBUG\u001b[0m","time":"2023-07-30T21:11:19.433+0800","caller":"gorm@v1.25.2/callbacks.go:134","msg":"Database Query","sql":"SELECT column_name, column_default, is_nullable = 'YES', data_type, character_maximum_length, column_type, column_key, extra, column_comment, numeric_precision, numeric_scale , datetime_precision FROM information_schema.columns WHERE table_schema = 'gee_blog' AND table_name = 'posts' ORDER BY ORDINAL_POSITION","time":"2.110ms","rows":-1}
{"level":"\u001b[35mDEBUG\u001b[0m","time":"2023-07-30T21:11:19.434+0800","caller":"gorm@v1.25.2/callbacks.go:134","msg":"Database Query","sql":"SELECT DATABASE()","time":"0.526ms","rows":-1}
{"level":"\u001b[35mDEBUG\u001b[0m","time":"2023-07-30T21:11:19.436+0800","caller":"gorm@v1.25.2/finisher_api.go:539","msg":"Database Query","sql":"SELECT SCHEMA_NAME from Information_schema.SCHEMATA where SCHEMA_NAME LIKE 'gee_blog%' ORDER BY SCHEMA_NAME='gee_blog' DESC,SCHEMA_NAME limit 1","time":"1.614ms","rows":1}
{"level":"\u001b[35mDEBUG\u001b[0m","time":"2023-07-30T21:11:19.438+0800","caller":"gorm@v1.25.2/callbacks.go:134","msg":"Database Query","sql":"SELECT count(*) FROM information_schema.statistics WHERE table_schema = 'gee_blog' AND table_name = 'posts' AND index_name = 'idx_posts_deleted_at'","time":"2.333ms","rows":-1}
{"level":"\u001b[34mINFO\u001b[0m","time":"2023-07-30T21:11:19.446+0800","caller":"config/config.go:83","msg":"[dao redis Init] ping redis client failed "}
{"level":"\u001b[34mINFO\u001b[0m","time":"2023-07-30T21:11:19.447+0800","caller":"config/config.go:94","msg":"[dao redis Close] close the redis connect failed "}
{"level":"\u001b[34mINFO\u001b[0m","time":"2023-07-30T21:11:19.447+0800","caller":"mysql/mysql.go:64","msg":"[dao mysql Close] get sql instance failed "}
{"level":"\u001b[34mINFO\u001b[0m","time":"2023-07-30T21:11:19.447+0800","caller":"mysql/mysql.go:66","msg":"[dao mysql Close] close the mysql connect failed "}
{"level":"INFO","time":"2023-07-30T21:14:40.582+0800","caller":"config/config.go:61","msg":"config_init logger success"}
{"level":"DEBUG","time":"2023-07-30T21:14:40.587+0800","caller":"gorm@v1.25.2/callbacks.go:134","msg":"Database Query","sql":"SELECT DATABASE()","time":"0.000ms","rows":-1}
{"level":"DEBUG","time":"2023-07-30T21:14:40.590+0800","caller":"gorm@v1.25.2/finisher_api.go:539","msg":"Database Query","sql":"SELECT SCHEMA_NAME from Information_schema.SCHEMATA where SCHEMA_NAME LIKE 'gee_blog%' ORDER BY SCHEMA_NAME='gee_blog' DESC,SCHEMA_NAME limit 1","time":"2.404ms","rows":1}
{"level":"DEBUG","time":"2023-07-30T21:14:40.592+0800","caller":"gorm@v1.25.2/callbacks.go:134","msg":"Database Query","sql":"SELECT count(*) FROM information_schema.tables WHERE table_schema = 'gee_blog' AND table_name = 'users' AND table_type = 'BASE TABLE'","time":"2.104ms","rows":-1}
{"level":"DEBUG","time":"2023-07-30T21:14:40.593+0800","caller":"gorm@v1.25.2/callbacks.go:134","msg":"Database Query","sql":"SELECT DATABASE()","time":"0.000ms","rows":-1}
{"level":"DEBUG","time":"2023-07-30T21:14:40.594+0800","caller":"gorm@v1.25.2/finisher_api.go:539","msg":"Database Query","sql":"SELECT SCHEMA_NAME from Information_schema.SCHEMATA where SCHEMA_NAME LIKE 'gee_blog%' ORDER BY SCHEMA_NAME='gee_blog' DESC,SCHEMA_NAME limit 1","time":"1.037ms","rows":1}
{"level":"DEBUG","time":"2023-07-30T21:14:40.595+0800","caller":"gorm@v1.25.2/callbacks.go:134","msg":"Database Query","sql":"SELECT * FROM `users` LIMIT 1","time":"1.044ms","rows":-1}
{"level":"DEBUG","time":"2023-07-30T21:14:40.598+0800","caller":"gorm@v1.25.2/callbacks.go:134","msg":"Database Query","sql":"SELECT column_name, column_default, is_nullable = 'YES', data_type, character_maximum_length, column_type, column_key, extra, column_comment, numeric_precision, numeric_scale , datetime_precision FROM information_schema.columns WHERE table_schema = 'gee_blog' AND table_name = 'users' ORDER BY ORDINAL_POSITION","time":"2.405ms","rows":-1}
{"level":"DEBUG","time":"2023-07-30T21:14:40.598+0800","caller":"gorm@v1.25.2/callbacks.go:134","msg":"Database Query","sql":"SELECT DATABASE()","time":"0.754ms","rows":-1}
{"level":"DEBUG","time":"2023-07-30T21:14:40.599+0800","caller":"gorm@v1.25.2/finisher_api.go:539","msg":"Database Query","sql":"SELECT SCHEMA_NAME from Information_schema.SCHEMATA where SCHEMA_NAME LIKE 'gee_blog%' ORDER BY SCHEMA_NAME='gee_blog' DESC,SCHEMA_NAME limit 1","time":"0.503ms","rows":1}
{"level":"DEBUG","time":"2023-07-30T21:14:40.602+0800","caller":"gorm@v1.25.2/callbacks.go:134","msg":"Database Query","sql":"SELECT count(*) FROM information_schema.statistics WHERE table_schema = 'gee_blog' AND table_name = 'users' AND index_name = 'idx_users_deleted_at'","time":"2.587ms","rows":-1}
{"level":"DEBUG","time":"2023-07-30T21:14:40.602+0800","caller":"gorm@v1.25.2/callbacks.go:134","msg":"Database Query","sql":"SELECT DATABASE()","time":"0.000ms","rows":-1}
{"level":"DEBUG","time":"2023-07-30T21:14:40.604+0800","caller":"gorm@v1.25.2/finisher_api.go:539","msg":"Database Query","sql":"SELECT SCHEMA_NAME from Information_schema.SCHEMATA where SCHEMA_NAME LIKE 'gee_blog%' ORDER BY SCHEMA_NAME='gee_blog' DESC,SCHEMA_NAME limit 1","time":"1.672ms","rows":1}
{"level":"DEBUG","time":"2023-07-30T21:14:40.606+0800","caller":"gorm@v1.25.2/callbacks.go:134","msg":"Database Query","sql":"SELECT count(*) FROM information_schema.tables WHERE table_schema = 'gee_blog' AND table_name = 'posts' AND table_type = 'BASE TABLE'","time":"1.973ms","rows":-1}
{"level":"DEBUG","time":"2023-07-30T21:14:40.606+0800","caller":"gorm@v1.25.2/callbacks.go:134","msg":"Database Query","sql":"SELECT DATABASE()","time":"0.000ms","rows":-1}
{"level":"DEBUG","time":"2023-07-30T21:14:40.608+0800","caller":"gorm@v1.25.2/finisher_api.go:539","msg":"Database Query","sql":"SELECT SCHEMA_NAME from Information_schema.SCHEMATA where SCHEMA_NAME LIKE 'gee_blog%' ORDER BY SCHEMA_NAME='gee_blog' DESC,SCHEMA_NAME limit 1","time":"1.233ms","rows":1}
{"level":"DEBUG","time":"2023-07-30T21:14:40.609+0800","caller":"gorm@v1.25.2/callbacks.go:134","msg":"Database Query","sql":"SELECT * FROM `posts` LIMIT 1","time":"1.057ms","rows":-1}
{"level":"DEBUG","time":"2023-07-30T21:14:40.612+0800","caller":"gorm@v1.25.2/callbacks.go:134","msg":"Database Query","sql":"SELECT column_name, column_default, is_nullable = 'YES', data_type, character_maximum_length, column_type, column_key, extra, column_comment, numeric_precision, numeric_scale , datetime_precision FROM information_schema.columns WHERE table_schema = 'gee_blog' AND table_name = 'posts' ORDER BY ORDINAL_POSITION","time":"2.695ms","rows":-1}
{"level":"DEBUG","time":"2023-07-30T21:14:40.614+0800","caller":"gorm@v1.25.2/callbacks.go:134","msg":"Database Query","sql":"SELECT DATABASE()","time":"0.530ms","rows":-1}
{"level":"DEBUG","time":"2023-07-30T21:14:40.616+0800","caller":"gorm@v1.25.2/finisher_api.go:539","msg":"Database Query","sql":"SELECT SCHEMA_NAME from Information_schema.SCHEMATA where SCHEMA_NAME LIKE 'gee_blog%' ORDER BY SCHEMA_NAME='gee_blog' DESC,SCHEMA_NAME limit 1","time":"1.587ms","rows":1}
{"level":"DEBUG","time":"2023-07-30T21:14:40.618+0800","caller":"gorm@v1.25.2/callbacks.go:134","msg":"Database Query","sql":"SELECT count(*) FROM information_schema.statistics WHERE table_schema = 'gee_blog' AND table_name = 'posts' AND index_name = 'idx_posts_deleted_at'","time":"1.592ms","rows":-1}
{"level":"INFO","time":"2023-07-30T21:14:40.619+0800","caller":"config/config.go:83","msg":"[dao redis Init] ping redis client failed "}
{"level":"INFO","time":"2023-07-30T21:14:40.619+0800","caller":"config/config.go:94","msg":"[dao redis Close] close the redis connect failed "}
{"level":"INFO","time":"2023-07-30T21:14:40.619+0800","caller":"mysql/mysql.go:64","msg":"[dao mysql Close] get sql instance failed "}
{"level":"INFO","time":"2023-07-30T21:14:40.620+0800","caller":"mysql/mysql.go:66","msg":"[dao mysql Close] close the mysql connect failed "}
{"level":"INFO","time":"2023-07-30T21:18:21.947+0800","caller":"config/config.go:61","msg":"config_init logger success"}
{"level":"DEBUG","time":"2023-07-30T21:18:21.952+0800","caller":"gorm@v1.25.2/callbacks.go:134","msg":"Database Query","sql":"SELECT DATABASE()","time":"0.529ms","rows":-1}
{"level":"DEBUG","time":"2023-07-30T21:18:21.953+0800","caller":"gorm@v1.25.2/finisher_api.go:539","msg":"Database Query","sql":"SELECT SCHEMA_NAME from Information_schema.SCHEMATA where SCHEMA_NAME LIKE 'gee_blog%' ORDER BY SCHEMA_NAME='gee_blog' DESC,SCHEMA_NAME limit 1","time":"1.763ms","rows":1}
{"level":"DEBUG","time":"2023-07-30T21:18:21.955+0800","caller":"gorm@v1.25.2/callbacks.go:134","msg":"Database Query","sql":"SELECT count(*) FROM information_schema.tables WHERE table_schema = 'gee_blog' AND table_name = 'users' AND table_type = 'BASE TABLE'","time":"1.199ms","rows":-1}
{"level":"DEBUG","time":"2023-07-30T21:18:21.956+0800","caller":"gorm@v1.25.2/callbacks.go:134","msg":"Database Query","sql":"SELECT DATABASE()","time":"0.521ms","rows":-1}
{"level":"DEBUG","time":"2023-07-30T21:18:21.957+0800","caller":"gorm@v1.25.2/finisher_api.go:539","msg":"Database Query","sql":"SELECT SCHEMA_NAME from Information_schema.SCHEMATA where SCHEMA_NAME LIKE 'gee_blog%' ORDER BY SCHEMA_NAME='gee_blog' DESC,SCHEMA_NAME limit 1","time":"1.255ms","rows":1}
{"level":"DEBUG","time":"2023-07-30T21:18:21.958+0800","caller":"gorm@v1.25.2/callbacks.go:134","msg":"Database Query","sql":"SELECT * FROM `users` LIMIT 1","time":"0.505ms","rows":-1}
{"level":"DEBUG","time":"2023-07-30T21:18:21.960+0800","caller":"gorm@v1.25.2/callbacks.go:134","msg":"Database Query","sql":"SELECT column_name, column_default, is_nullable = 'YES', data_type, character_maximum_length, column_type, column_key, extra, column_comment, numeric_precision, numeric_scale , datetime_precision FROM information_schema.columns WHERE table_schema = 'gee_blog' AND table_name = 'users' ORDER BY ORDINAL_POSITION","time":"2.129ms","rows":-1}
{"level":"DEBUG","time":"2023-07-30T21:18:22.007+0800","caller":"gorm@v1.25.2/callbacks.go:134","msg":"Database Query","sql":"SELECT DATABASE()","time":"0.506ms","rows":-1}
{"level":"DEBUG","time":"2023-07-30T21:18:22.008+0800","caller":"gorm@v1.25.2/finisher_api.go:539","msg":"Database Query","sql":"SELECT SCHEMA_NAME from Information_schema.SCHEMATA where SCHEMA_NAME LIKE 'gee_blog%' ORDER BY SCHEMA_NAME='gee_blog' DESC,SCHEMA_NAME limit 1","time":"1.050ms","rows":1}
{"level":"DEBUG","time":"2023-07-30T21:18:22.010+0800","caller":"gorm@v1.25.2/callbacks.go:134","msg":"Database Query","sql":"SELECT count(*) FROM information_schema.statistics WHERE table_schema = 'gee_blog' AND table_name = 'users' AND index_name = 'idx_users_deleted_at'","time":"1.860ms","rows":-1}
{"level":"DEBUG","time":"2023-07-30T21:18:22.011+0800","caller":"gorm@v1.25.2/callbacks.go:134","msg":"Database Query","sql":"SELECT DATABASE()","time":"0.000ms","rows":-1}
{"level":"DEBUG","time":"2023-07-30T21:18:22.012+0800","caller":"gorm@v1.25.2/finisher_api.go:539","msg":"Database Query","sql":"SELECT SCHEMA_NAME from Information_schema.SCHEMATA where SCHEMA_NAME LIKE 'gee_blog%' ORDER BY SCHEMA_NAME='gee_blog' DESC,SCHEMA_NAME limit 1","time":"0.526ms","rows":1}
{"level":"DEBUG","time":"2023-07-30T21:18:22.015+0800","caller":"gorm@v1.25.2/callbacks.go:134","msg":"Database Query","sql":"SELECT count(*) FROM information_schema.tables WHERE table_schema = 'gee_blog' AND table_name = 'posts' AND table_type = 'BASE TABLE'","time":"2.268ms","rows":-1}
{"level":"DEBUG","time":"2023-07-30T21:18:22.016+0800","caller":"gorm@v1.25.2/callbacks.go:134","msg":"Database Query","sql":"SELECT DATABASE()","time":"0.524ms","rows":-1}
{"level":"DEBUG","time":"2023-07-30T21:18:22.018+0800","caller":"gorm@v1.25.2/finisher_api.go:539","msg":"Database Query","sql":"SELECT SCHEMA_NAME from Information_schema.SCHEMATA where SCHEMA_NAME LIKE 'gee_blog%' ORDER BY SCHEMA_NAME='gee_blog' DESC,SCHEMA_NAME limit 1","time":"1.444ms","rows":1}
{"level":"DEBUG","time":"2023-07-30T21:18:22.019+0800","caller":"gorm@v1.25.2/callbacks.go:134","msg":"Database Query","sql":"SELECT * FROM `posts` LIMIT 1","time":"0.511ms","rows":-1}
{"level":"DEBUG","time":"2023-07-30T21:18:22.021+0800","caller":"gorm@v1.25.2/callbacks.go:134","msg":"Database Query","sql":"SELECT column_name, column_default, is_nullable = 'YES', data_type, character_maximum_length, column_type, column_key, extra, column_comment, numeric_precision, numeric_scale , datetime_precision FROM information_schema.columns WHERE table_schema = 'gee_blog' AND table_name = 'posts' ORDER BY ORDINAL_POSITION","time":"1.470ms","rows":-1}
{"level":"DEBUG","time":"2023-07-30T21:18:22.022+0800","caller":"gorm@v1.25.2/callbacks.go:134","msg":"Database Query","sql":"SELECT DATABASE()","time":"0.000ms","rows":-1}
{"level":"DEBUG","time":"2023-07-30T21:18:22.023+0800","caller":"gorm@v1.25.2/finisher_api.go:539","msg":"Database Query","sql":"SELECT SCHEMA_NAME from Information_schema.SCHEMATA where SCHEMA_NAME LIKE 'gee_blog%' ORDER BY SCHEMA_NAME='gee_blog' DESC,SCHEMA_NAME limit 1","time":"1.075ms","rows":1}
{"level":"DEBUG","time":"2023-07-30T21:18:22.025+0800","caller":"gorm@v1.25.2/callbacks.go:134","msg":"Database Query","sql":"SELECT count(*) FROM information_schema.statistics WHERE table_schema = 'gee_blog' AND table_name = 'posts' AND index_name = 'idx_posts_deleted_at'","time":"1.677ms","rows":-1}
{"level":"INFO","time":"2023-07-30T21:18:22.029+0800","caller":"config/config.go:83","msg":"[dao redis Init] ping redis client failed "}
{"level":"INFO","time":"2023-07-30T21:18:22.031+0800","caller":"config/config.go:94","msg":"[dao redis Close] close the redis connect failed "}
{"level":"INFO","time":"2023-07-30T21:18:22.031+0800","caller":"mysql/mysql.go:64","msg":"[dao mysql Close] get sql instance failed "}
{"level":"INFO","time":"2023-07-30T21:18:22.032+0800","caller":"mysql/mysql.go:66","msg":"[dao mysql Close] close the mysql connect failed "}
